<?xml version="1.0" encoding="UTF-8"?>
<!-- Generated by org.testng.reporters.JUnitReportReporter -->
<testsuite skipped="0" hostname="tsowjany" name="com.training.regression.tests.AdminDBTest" tests="5" failures="0" timestamp="02 Jul 2019 04:48:13 GMT" time="92.283" errors="0">
  <testcase name="Adminlogin" time="9.396" classname="com.training.regression.tests.AdminDBTest"/>
  <testcase name="loginDBTest" time="21.487" classname="com.training.regression.tests.AdminDBTest"/>
  <testcase name="loginDBTest" time="20.470" classname="com.training.regression.tests.AdminDBTest"/>
  <testcase name="loginDBTest" time="20.396" classname="com.training.regression.tests.AdminDBTest"/>
  <testcase name="loginDBTest" time="20.534" classname="com.training.regression.tests.AdminDBTest"/>
</testsuite> <!-- com.training.regression.tests.AdminDBTest -->
