<?xml version="1.0" encoding="UTF-8"?>
<!-- Generated by org.testng.reporters.JUnitReportReporter -->
<testsuite skipped="0" hostname="tsowjany" name="com.training.regression.tests.AdminCatExcelTestUNF_064" tests="5" failures="0" timestamp="02 Jul 2019 04:11:34 GMT" time="91.726" errors="0">
  <testcase name="Adminlogin" time="8.773" classname="com.training.regression.tests.AdminCatExcelTestUNF_064"/>
  <testcase name="AdminCatTest" time="20.728" classname="com.training.regression.tests.AdminCatExcelTestUNF_064"/>
  <testcase name="AdminCatTest" time="20.684" classname="com.training.regression.tests.AdminCatExcelTestUNF_064"/>
  <testcase name="AdminCatTest" time="20.520" classname="com.training.regression.tests.AdminCatExcelTestUNF_064"/>
  <testcase name="AdminCatTest" time="21.021" classname="com.training.regression.tests.AdminCatExcelTestUNF_064"/>
</testsuite> <!-- com.training.regression.tests.AdminCatExcelTestUNF_064 -->
