<?xml version="1.0" encoding="UTF-8"?>
<!-- Generated by org.testng.reporters.JUnitReportReporter -->
<testsuite skipped="0" hostname="tsowjany" name="com.training.regression.tests.LoginDBTest" tests="2" failures="0" timestamp="25 Jun 2019 05:32:27 GMT" time="23.902" errors="0">
  <testcase name="loginDBTest" time="12.624" classname="com.training.regression.tests.LoginDBTest"/>
  <testcase name="loginDBTest" time="11.278" classname="com.training.regression.tests.LoginDBTest"/>
</testsuite> <!-- com.training.regression.tests.LoginDBTest -->
