<?xml version="1.0" encoding="UTF-8"?>
<!-- Generated by org.testng.reporters.JUnitReportReporter -->
<testsuite skipped="0" hostname="tsowjany" name="com.training.regression.tests.AdminCatDataBaseTest" tests="1" failures="0" timestamp="27 Jun 2019 04:53:55 GMT" time="47.694" errors="0">
  <testcase name="testlogin" time="47.694" classname="com.training.regression.tests.AdminCatDataBaseTest"/>
</testsuite> <!-- com.training.regression.tests.AdminCatDataBaseTest -->
