<?xml version="1.0" encoding="UTF-8"?>
<!-- Generated by org.testng.reporters.JUnitReportReporter -->
<testsuite skipped="0" hostname="tsowjany" name="com.training.sanity.tests.AdminCategoryTest" tests="1" failures="0" timestamp="26 Jun 2019 06:24:11 GMT" time="52.180" errors="0">
  <testcase name="validLoginTest" time="52.180" classname="com.training.sanity.tests.AdminCategoryTest"/>
</testsuite> <!-- com.training.sanity.tests.AdminCategoryTest -->
