<?xml version="1.0" encoding="UTF-8"?>
<!-- Generated by org.testng.reporters.JUnitReportReporter -->
<testsuite skipped="0" hostname="tsowjany" name="com.training.regression.tests.AdminLoginTest" tests="1" failures="0" timestamp="27 Jun 2019 05:36:36 GMT" time="12.768" errors="0">
  <testcase name="testlogin" time="12.768" classname="com.training.regression.tests.AdminLoginTest"/>
</testsuite> <!-- com.training.regression.tests.AdminLoginTest -->
